<?xml version="1.0" encoding="UTF-8" ?>
<testsuite failures="0" time="0.307" errors="0" skipped="0" tests="11" name="net.sourceforge.jlevenshtein.LevenshteinTest">
  <properties>
[...]
</properties>
  <testcase time="0" classname="net.sourceforge.jlevenshtein.LevenshteinTest" name="levFlagTest2"/>
  <testcase time="0" classname="net.sourceforge.jlevenshtein.LevenshteinTest" name="levFlagTest3"/>
  <testcase time="0" classname="net.sourceforge.jlevenshtein.LevenshteinTest" name="levFlagTest4"/>
  <testcase time="0" classname="net.sourceforge.jlevenshtein.LevenshteinTest" name="levFlagTest5"/>
  <testcase time="0" classname="net.sourceforge.jlevenshtein.LevenshteinTest" name="costTest"/>
  <testcase time="0.301" classname="net.sourceforge.jlevenshtein.LevenshteinTest" name="levFlagTest"/>
  <testcase time="0.001" classname="net.sourceforge.jlevenshtein.LevenshteinTest" name="compareTest_CopyConst"/>
  <testcase time="0.002" classname="net.sourceforge.jlevenshtein.LevenshteinTest" name="compareTest_Phonetic"/>
  <testcase time="0.001" classname="net.sourceforge.jlevenshtein.LevenshteinTest" name="compareTest_Sample2"/>
  <testcase time="0.001" classname="net.sourceforge.jlevenshtein.LevenshteinTest" name="compareTest_Sample3"/>
  <testcase time="0" classname="net.sourceforge.jlevenshtein.LevenshteinTest" name="compareTest_Nullpointer"/>
</testsuite>